Tech node (nm), Capacity (bytes), Number of banks, Associativity, Output width (bits), Access time (ns), Random cycle time (ns), Dynamic search energy (nJ), Dynamic read energy (nJ), Dynamic write energy (nJ), Standby leakage per bank(mW), Area (mm2), Ndwl, Ndbl, Nspd, Ndcm, Ndsam_level_1, Ndsam_level_2, Data arrary area efficiency %, Ntwl, Ntbl, Ntspd, Ntcm, Ntsam_level_1, Ntsam_level_2, Tag arrary area efficiency %, 
90, 131072, 1, 2, 512, 1.47098, 1.86851, N/A, 0.303592, 0.615022, 63.7023, 2.24949, 2, 2, 1, 2, 2, 1, 78.3192, 2, 2, 4, 1, 8, 1, 77.9289, 
90, 4096, 1, 2, 512, 0.910786, 1.34106, N/A, 0.175814, 0.181995, 2.55632, 0.321735, 2, 2, 1, 2, 2, 1, 14.0988, 2, 2, 0.5, 1, 1, 1, 63.3894, 
90, 4096, 1, 2, 512, 0.910786, 1.34106, N/A, 0.175814, 0.181995, 2.07036, 0.382315, 2, 2, 1, 2, 2, 1, 11.859, 2, 2, 0.5, 1, 1, 1, 43.6141, 
90, 4096, 1, 2, 512, 0.910786, 1.34106, N/A, 0.175814, 0.181995, 2.55632, 0.321735, 2, 2, 1, 2, 2, 1, 14.0988, 2, 2, 0.5, 1, 1, 1, 63.3894, 
90, 4096, 1, 2, 512, 0.910786, 1.34106, N/A, 0.175814, 0.181995, 2.07036, 0.382315, 2, 2, 1, 2, 2, 1, 11.859, 2, 2, 0.5, 1, 1, 1, 43.6141, 
90, 4096, 1, 2, 512, 0.910786, 1.34106, N/A, 0.175814, 0.181995, 1.93681, 0.382315, 2, 2, 1, 2, 2, 1, 11.859, 2, 2, 0.5, 1, 1, 1, 43.6141, 
90, 4096, 1, 2, 512, 0.910786, 1.34106, N/A, 0.175814, 0.181995, 2.07036, 0.382315, 2, 2, 1, 2, 2, 1, 11.859, 2, 2, 0.5, 1, 1, 1, 43.6141, 
90, 4096, 1, 2, 512, 0.910786, 1.34106, N/A, 0.175814, 0.181995, 2.07036, 0.382315, 2, 2, 1, 2, 2, 1, 11.859, 2, 2, 0.5, 1, 1, 1, 43.6141, 
90, 4096, 1, 2, 512, 0.910786, 1.34106, N/A, 0.175814, 0.181995, 2.07036, 0.382315, 2, 2, 1, 2, 2, 1, 11.859, 2, 2, 0.5, 1, 1, 1, 43.6141, 
90, 4096, 1, 2, 512, 0.910786, 1.34106, N/A, 0.175814, 0.181995, 2.07036, 0.382315, 2, 2, 1, 2, 2, 1, 11.859, 2, 2, 0.5, 1, 1, 1, 43.6141, 
90, 4096, 1, 2, 512, 0.855824, 1.34106, N/A, 0.175655, 0.180002, 1.99477, 0.382025, 2, 2, 0.5, 2, 2, 1, 11.859, 2, 2, 0.5, 1, 1, 1, 30.1528, 
90, 4096, 1, 2, 512, 0.855824, 1.34106, N/A, 0.175655, 0.180002, 1.99477, 0.382025, 2, 2, 0.5, 2, 2, 1, 11.859, 2, 2, 0.5, 1, 1, 1, 30.1528, 
90, 4096, 1, 2, 512, 0.855824, 1.34106, N/A, 0.175655, 0.180002, 1.99477, 0.382025, 2, 2, 0.5, 2, 2, 1, 11.859, 2, 2, 0.5, 1, 1, 1, 30.1528, 
90, 4096, 1, 2, 512, 0.855824, 1.4179, N/A, 0.176724, 0.183508, 0.78961, 0.349573, 2, 2, 0.5, 2, 2, 1, 12.9599, 2, 2, 0.5, 1, 1, 1, 30.1528, 
90, 4096, 1, 2, 512, 0.855824, 1.4179, N/A, 0.176724, 0.183508, 0.78961, 0.349573, 2, 2, 0.5, 2, 2, 1, 12.9599, 2, 2, 0.5, 1, 1, 1, 30.1528, 
90, 4096, 1, 2, 512, 0.855824, 1.42875, N/A, 0.17367, 0.172486, 1.85657, 0.343672, 2, 2, 0.5, 2, 2, 1, 13.1824, 2, 2, 0.5, 1, 1, 1, 30.1528, 
90, 4096, 1, 2, 512, 0.855824, 1.4179, N/A, 0.176724, 0.183508, 0.78961, 0.349573, 2, 2, 0.5, 2, 2, 1, 12.9599, 2, 2, 0.5, 1, 1, 1, 30.1528, 
90, 4096, 1, 2, 512, 0.855824, 1.34106, N/A, 0.175655, 0.180002, 1.99477, 0.382025, 2, 2, 0.5, 2, 2, 1, 11.859, 2, 2, 0.5, 1, 1, 1, 30.1528, 
90, 32768, 1, 2, 512, 0.993529, 1.45636, N/A, 0.203064, 0.281248, 12.1152, 0.74998, 2, 2, 0.5, 2, 2, 1, 49.7422, 2, 2, 1, 2, 1, 1, 59.0992, 
90, 32768, 1, 2, 512, 0.993529, 1.45636, N/A, 0.203064, 0.281248, 15.8581, 0.687764, 2, 2, 0.5, 2, 2, 1, 54.2619, 2, 2, 1, 2, 1, 1, 74.3091, 
90, 32768, 1, 2, 512, 0.993529, 1.45636, N/A, 0.203064, 0.281248, 12.1152, 0.74998, 2, 2, 0.5, 2, 2, 1, 49.7422, 2, 2, 1, 2, 1, 1, 59.0992, 
90, 32768, 1, 2, 512, 0.993529, 1.45636, N/A, 0.203064, 0.281248, 10.5694, 0.74998, 2, 2, 0.5, 2, 2, 1, 49.7422, 2, 2, 1, 2, 1, 1, 59.0992, 
90, 32768, 1, 2, 512, 1.11168, 1.45636, N/A, 0.203952, 0.2883, 10.9079, 0.751949, 2, 2, 1, 2, 2, 1, 49.7422, 2, 2, 1, 2, 1, 1, 67.6171, 
90, 32768, 1, 2, 512, 1.11168, 1.45636, N/A, 0.203952, 0.2883, 10.9079, 0.751949, 2, 2, 1, 2, 2, 1, 49.7422, 2, 2, 1, 2, 1, 1, 67.6171, 
90, 32768, 1, 2, 512, 1.11168, 1.45636, N/A, 0.203952, 0.2883, 10.9079, 0.751949, 2, 2, 1, 2, 2, 1, 49.7422, 2, 2, 1, 2, 1, 1, 67.6171, 
90, 32768, 1, 2, 512, 1.11168, 1.45636, N/A, 0.203952, 0.2883, 10.9079, 0.751949, 2, 2, 1, 2, 2, 1, 49.7422, 2, 2, 1, 2, 1, 1, 67.6171, 
90, 32768, 1, 2, 512, 1.11168, 1.45636, N/A, 0.203952, 0.2883, 10.9079, 0.751949, 2, 2, 1, 2, 2, 1, 49.7422, 2, 2, 1, 2, 1, 1, 67.6171, 
90, 32768, 1, 2, 512, 1.11168, 1.45636, N/A, 0.203952, 0.2883, 8.20593, 0.751949, 2, 2, 1, 2, 2, 1, 49.7422, 2, 2, 1, 2, 1, 1, 67.6171, 
90, 32768, 1, 2, 32, 0.941635, 0.963583, N/A, 0.0508087, 0.0468767, 8.35658, 0.511959, 2, 2, 0.5, 16, 2, 1, 77.6354, 2, 2, 1, 2, 1, 1, 67.6171, 
90, 32768, 1, 2, 512, 1.11168, 1.45636, N/A, 0.203952, 0.2883, 8.20593, 0.751949, 2, 2, 1, 2, 2, 1, 49.7422, 2, 2, 1, 2, 1, 1, 67.6171, 
90, 32768, 1, 2, 32, 0.941635, 0.963583, N/A, 0.0508087, 0.0468767, 8.35658, 0.511959, 2, 2, 0.5, 16, 2, 1, 77.6354, 2, 2, 1, 2, 1, 1, 67.6171, 
90, 32768, 1, 2, 512, 1.11168, 1.45636, N/A, 0.203952, 0.2883, 8.20593, 0.751949, 2, 2, 1, 2, 2, 1, 49.7422, 2, 2, 1, 2, 1, 1, 67.6171, 
90, 32768, 1, 2, 32, 0.941635, 0.963583, N/A, 0.0540255, 0.048041, 8.95729, 0.573585, 2, 2, 1, 16, 2, 1, 77.6354, 2, 2, 2, 4, 1, 1, 67.1475, 
90, 32768, 1, 2, 32, 0.941635, 0.963583, N/A, 0.0540255, 0.048041, 8.95729, 0.573585, 2, 2, 1, 16, 2, 1, 77.6354, 2, 2, 2, 4, 1, 1, 67.1475, 
90, 32768, 1, 2, 32, 0.941635, 0.963583, N/A, 0.0499207, 0.039825, 8.10183, 0.509528, 2, 2, 0.25, 16, 2, 1, 77.6354, 2, 2, 1, 2, 1, 1, 59.0992, 
90, 32768, 1, 2, 32, 0.941635, 0.963583, N/A, 0.0499207, 0.039825, 8.10183, 0.509528, 2, 2, 0.25, 16, 2, 1, 77.6354, 2, 2, 1, 2, 1, 1, 59.0992, 
90, 32768, 1, 2, 32, 0.941635, 0.963583, N/A, 0.0499207, 0.039825, 8.10183, 0.509528, 2, 2, 0.25, 16, 2, 1, 77.6354, 2, 2, 1, 2, 1, 1, 59.0992, 
90, 32768, 1, 2, 32, 0.942268, 0.964216, N/A, 0.0500121, 0.0399427, 8.04272, 0.498025, 2, 2, 0.25, 16, 2, 1, 79.4376, 2, 2, 1, 2, 1, 1, 61.8262, 
90, 131072, 1, 2, 32, 1.63425, 1.59324, N/A, 0.105273, 0.0695531, 30.2206, 2.03799, 2, 4, 0.5, 32, 2, 1, 77.473, 2, 2, 2, 4, 1, 1, 66.4845, 
90, 32768, 1, 2, 32, 0.941635, 0.963583, N/A, 0.0499207, 0.039825, 8.10183, 0.509528, 2, 2, 0.25, 16, 2, 1, 77.6354, 2, 2, 1, 2, 1, 1, 59.0992, 
90, 32768, 1, 2, 32, 0.941635, 0.963583, N/A, 0.0475819, 0.0351268, 7.9216, 0.469965, 2, 2, 0.0625, 16, 2, 1, 77.6354, 2, 2, 0.25, 1, 1, 1, 50.2583, 
32, 32768, 1, 2, 32, 0.322134, 0.355519, N/A, 0.00936261, 0.00563424, 6.09012, 0.0594148, 2, 2, 0.0625, 16, 2, 1, 77.6331, 2, 2, 0.25, 1, 1, 1, 50.2431, 
32, 32768, 1, 4, 32, 0.32344, 0.355519, N/A, 0.00978514, 0.00577905, 6.14382, 0.0643136, 2, 2, 0.03125, 8, 4, 1, 77.7769, 2, 2, 0.5, 1, 1, 1, 31.2426, 
32, 2097152, 1, 16, 32, 1.95786, 0.707835, N/A, 0.046662, 0.0657172, 360.509, 3.89581, 8, 16, 0.0625, 4, 16, 1, 76.9048, 2, 2, 0.5, 1, 1, 1, 75.5952, 
32, 32768, 1, 2, 32, 0.322134, 0.355519, N/A, 0.00936261, 0.00563424, 6.09012, 0.0594148, 2, 2, 0.0625, 16, 2, 1, 77.6331, 2, 2, 0.25, 1, 1, 1, 50.2431, 
